<?xml version="1.0" encoding="UTF-8"?>
<!-- Generated by org.testng.reporters.JUnitReportReporter -->
<testsuite hostname="Arun" failures="0" tests="2" name="com.qa.testcases.LoginTestDriverData" time="10.004" errors="0" timestamp="2024-12-13T01:04:01 IST" skipped="0">
  <testcase classname="com.qa.testcases.LoginTestDriverData" name="verifyLogin" time="5.090"/>
  <system-out/>
  <testcase classname="com.qa.testcases.LoginTestDriverData" name="verifyLogin" time="4.914"/>
  <system-out/>
</testsuite> <!-- com.qa.testcases.LoginTestDriverData -->
