<?xml version="1.0" encoding="UTF-8"?>
<!-- Generated by org.testng.reporters.JUnitReportReporter -->
<testsuite hostname="Arun" failures="0" tests="1" name="com.qa.testcases.DemoTestCase" time="0.003" errors="0" timestamp="2024-12-12T22:46:01 IST" skipped="0">
  <testcase classname="com.qa.testcases.DemoTestCase" name="testcheck" time="0.003"/>
  <system-out/>
</testsuite> <!-- com.qa.testcases.DemoTestCase -->
