<?xml version="1.0" encoding="UTF-8"?>
<!-- Generated by org.testng.reporters.JUnitReportReporter -->
<testsuite hostname="Arun" failures="0" tests="1" name="com.qa.testcases.TC_LinkTest_001" time="2.631" errors="0" timestamp="2024-12-03T16:41:00 IST" skipped="0">
  <testcase classname="com.qa.testcases.TC_LinkTest_001" name="linktest" time="2.631"/>
  <system-out/>
</testsuite> <!-- com.qa.testcases.TC_LinkTest_001 -->
