<?xml version="1.0" encoding="UTF-8"?>
<!-- Generated by org.testng.reporters.JUnitReportReporter -->
<testsuite hostname="Arun" failures="0" tests="1" name="com.qa.testcases.LoginTest" time="1.795" errors="0" timestamp="2024-12-12T23:34:33 IST" skipped="0">
  <testcase classname="com.qa.testcases.LoginTest" name="verifyLogin" time="1.795"/>
  <system-out/>
</testsuite> <!-- com.qa.testcases.LoginTest -->
